platforms/android/app/build/outputs/logs/manifest-merger-debug-report.txt
-- Merging decision tree log ---
manifest
ADDED from src\main\AndroidManifest.xml:2:1-54:12
INJECTED from src\main\AndroidManifest.xml:2:1-54:12
INJECTED from src\main\AndroidManifest.xml:2:1-54:12
INJECTED from src\main\AndroidManifest.xml:2:1-54:12
MERGED from [carrier.aar] AndroidManifest.xml:2:1-23:12
MERGED from [elastoswallet.aar] AndroidManifest.xml:2:1-20:12
MERGED from [:CordovaLib] AndroidManifest.xml:20:1-27:12
MERGED from [com.android.support:appcompat-v7:25.1.0] AndroidManifest.xml:17:1-27:12
MERGED from [com.android.support:animated-vector-drawable:25.1.0] AndroidManifest.xml:17:1-24:12
MERGED from [com.android.support:support-vector-drawable:25.1.0] AndroidManifest.xml:17:1-25:12
MERGED from [com.android.support:support-v4:25.1.0] AndroidManifest.xml:17:1-27:12
MERGED from [com.android.support:support-fragment:25.1.0] AndroidManifest.xml:17:1-27:12
MERGED from [com.android.support:support-media-compat:25.1.0] AndroidManifest.xml:17:1-27:12
MERGED from [com.android.support:support-core-utils:25.1.0] AndroidManifest.xml:17:1-27:12
MERGED from [com.android.support:support-core-ui:25.1.0] AndroidManifest.xml:17:1-27:12
MERGED from [com.android.support:support-compat:25.1.0] AndroidManifest.xml:17:1-27:12
INJECTED from src\main\AndroidManifest.xml:2:1-54:12
INJECTED from src\main\AndroidManifest.xml:2:1-54:12
INJECTED from src\main\AndroidManifest.xml:2:1-54:12
	package
		ADDED from src\main\AndroidManifest.xml:5:5-37
		INJECTED from src\main\AndroidManifest.xml
		INJECTED from src\main\AndroidManifest.xml
	android:versionName
		ADDED from src\main\AndroidManifest.xml:4:5-32
		INJECTED from src\main\AndroidManifest.xml
		INJECTED from src\main\AndroidManifest.xml
	xmlns:tools
		ADDED from src\main\AndroidManifest.xml:7:5-51
	android:hardwareAccelerated
		ADDED from src\main\AndroidManifest.xml:2:11-45
	xmlns:android
		ADDED from src\main\AndroidManifest.xml:6:5-63
	android:versionCode
		ADDED from src\main\AndroidManifest.xml:3:5-32
		INJECTED from src\main\AndroidManifest.xml
		INJECTED from src\main\AndroidManifest.xml
supports-screens
ADDED from src\main\AndroidManifest.xml:8:5-191
	android:largeScreens
		ADDED from src\main\AndroidManifest.xml:8:49-76
	android:smallScreens
		ADDED from src\main\AndroidManifest.xml:8:132-159
	android:normalScreens
		ADDED from src\main\AndroidManifest.xml:8:77-105
	android:xlargeScreens
		ADDED from src\main\AndroidManifest.xml:8:160-188
	android:resizeable
		ADDED from src\main\AndroidManifest.xml:8:106-131
	android:anyDensity
		ADDED from src\main\AndroidManifest.xml:8:23-48
uses-permission#android.permission.INTERNET
ADDED from src\main\AndroidManifest.xml:9:5-67
MERGED from [carrier.aar] AndroidManifest.xml:11:5-67
MERGED from [carrier.aar] AndroidManifest.xml:11:5-67
	android:name
		ADDED from src\main\AndroidManifest.xml:9:22-64
application
ADDED from src\main\AndroidManifest.xml:10:5-39:19
MERGED from [carrier.aar] AndroidManifest.xml:13:5-21:19
MERGED from [carrier.aar] AndroidManifest.xml:13:5-21:19
MERGED from [elastoswallet.aar] AndroidManifest.xml:11:5-18:19
MERGED from [elastoswallet.aar] AndroidManifest.xml:11:5-18:19
MERGED from [com.android.support:appcompat-v7:25.1.0] AndroidManifest.xml:25:5-20
MERGED from [com.android.support:appcompat-v7:25.1.0] AndroidManifest.xml:25:5-20
MERGED from [com.android.support:animated-vector-drawable:25.1.0] AndroidManifest.xml:22:5-20
MERGED from [com.android.support:animated-vector-drawable:25.1.0] AndroidManifest.xml:22:5-20
MERGED from [com.android.support:support-vector-drawable:25.1.0] AndroidManifest.xml:23:5-20
MERGED from [com.android.support:support-vector-drawable:25.1.0] AndroidManifest.xml:23:5-20
MERGED from [com.android.support:support-v4:25.1.0] AndroidManifest.xml:25:5-20
MERGED from [com.android.support:support-v4:25.1.0] AndroidManifest.xml:25:5-20
MERGED from [com.android.support:support-fragment:25.1.0] AndroidManifest.xml:25:5-20
MERGED from [com.android.support:support-fragment:25.1.0] AndroidManifest.xml:25:5-20
MERGED from [com.android.support:support-media-compat:25.1.0] AndroidManifest.xml:25:5-20
MERGED from [com.android.support:support-media-compat:25.1.0] AndroidManifest.xml:25:5-20
MERGED from [com.android.support:support-core-utils:25.1.0] AndroidManifest.xml:25:5-20
MERGED from [com.android.support:support-core-utils:25.1.0] AndroidManifest.xml:25:5-20
MERGED from [com.android.support:support-core-ui:25.1.0] AndroidManifest.xml:25:5-20
MERGED from [com.android.support:support-core-ui:25.1.0] AndroidManifest.xml:25:5-20
MERGED from [com.android.support:support-compat:25.1.0] AndroidManifest.xml:25:5-20
MERGED from [com.android.support:support-compat:25.1.0] AndroidManifest.xml:25:5-20
	android:supportsRtl
		ADDED from src\main\AndroidManifest.xml:10:164-190
	android:label
		ADDED from src\main\AndroidManifest.xml:10:89-121
	android:hardwareAccelerated
		ADDED from src\main\AndroidManifest.xml:10:18-52
	android:roundIcon
		ADDED from [elastoswallet.aar] AndroidManifest.xml:15:9-54
	android:allowBackup
		ADDED from [carrier.aar] AndroidManifest.xml:14:9-35
	android:icon
		ADDED from src\main\AndroidManifest.xml:10:54-88
		REJECTED from [elastoswallet.aar] AndroidManifest.xml:13:9-43
	android:theme
		ADDED from [elastoswallet.aar] AndroidManifest.xml:17:9-40
	tools:replace
		ADDED from src\main\AndroidManifest.xml:10:191-219
	android:name
		ADDED from src\main\AndroidManifest.xml:10:123-163
activity#com.eladapps.cloudchat.CloudchatActivity
ADDED from src\main\AndroidManifest.xml:11:9-16:20
	android:label
		ADDED from src\main\AndroidManifest.xml:11:97-134
	android:launchMode
		ADDED from src\main\AndroidManifest.xml:11:135-165
	android:windowSoftInputMode
		ADDED from src\main\AndroidManifest.xml:11:263-305
	android:configChanges
		ADDED from src\main\AndroidManifest.xml:11:19-96
	android:theme
		ADDED from src\main\AndroidManifest.xml:11:200-262
	android:name
		ADDED from src\main\AndroidManifest.xml:11:166-199
intent-filter#android.intent.action.MAIN+android.intent.category.LAUNCHER
ADDED from src\main\AndroidManifest.xml:12:13-15:29
	android:label
		ADDED from src\main\AndroidManifest.xml:12:28-65
action#android.intent.action.MAIN
ADDED from src\main\AndroidManifest.xml:13:17-69
	android:name
		ADDED from src\main\AndroidManifest.xml:13:25-66
category#android.intent.category.LAUNCHER
ADDED from src\main\AndroidManifest.xml:14:17-77
	android:name
		ADDED from src\main\AndroidManifest.xml:14:27-74
activity#org.apache.cordova.selfscan.ScanActivity
ADDED from src\main\AndroidManifest.xml:17:9-19:20
	android:theme
		ADDED from src\main\AndroidManifest.xml:18:13-63
	android:name
		ADDED from src\main\AndroidManifest.xml:17:19-74
activity#org.apache.cordova.selfscan.zxing.android.CaptureActivity
ADDED from src\main\AndroidManifest.xml:20:9-22:20
	android:theme
		ADDED from src\main\AndroidManifest.xml:21:13-63
	android:name
		ADDED from src\main\AndroidManifest.xml:20:19-91
activity#org.apache.cordova.selfscan.zxing.android.PreferencesActivity
ADDED from src\main\AndroidManifest.xml:23:9-25:20
	android:theme
		ADDED from src\main\AndroidManifest.xml:24:13-63
	android:name
		ADDED from src\main\AndroidManifest.xml:23:19-95
activity#org.apache.cordova.micrvideo.MicrvodeoActivity
ADDED from src\main\AndroidManifest.xml:26:9-28:20
	android:theme
		ADDED from src\main\AndroidManifest.xml:27:13-63
	android:name
		ADDED from src\main\AndroidManifest.xml:26:19-80
provider#android.support.v4.content.FileProvider
ADDED from src\main\AndroidManifest.xml:29:9-38:20
	android:grantUriPermissions
		ADDED from src\main\AndroidManifest.xml:32:13-47
	android:authorities
		ADDED from src\main\AndroidManifest.xml:31:13-70
	android:exported
		ADDED from src\main\AndroidManifest.xml:33:13-37
	android:name
		ADDED from src\main\AndroidManifest.xml:30:13-67
meta-data#android.support.FILE_PROVIDER_PATHS
ADDED from src\main\AndroidManifest.xml:35:13-37:54
	android:resource
		ADDED from src\main\AndroidManifest.xml:37:17-51
	android:name
		ADDED from src\main\AndroidManifest.xml:36:17-67
uses-sdk
ADDED from src\main\AndroidManifest.xml:41:5-74
MERGED from [carrier.aar] AndroidManifest.xml:7:5-9:41
MERGED from [carrier.aar] AndroidManifest.xml:7:5-9:41
MERGED from [elastoswallet.aar] AndroidManifest.xml:7:5-9:41
MERGED from [elastoswallet.aar] AndroidManifest.xml:7:5-9:41
MERGED from [:CordovaLib] AndroidManifest.xml:25:5-44
MERGED from [:CordovaLib] AndroidManifest.xml:25:5-44
MERGED from [com.android.support:appcompat-v7:25.1.0] AndroidManifest.xml:21:5-23:78
MERGED from [com.android.support:appcompat-v7:25.1.0] AndroidManifest.xml:21:5-23:78
MERGED from [com.android.support:animated-vector-drawable:25.1.0] AndroidManifest.xml:20:5-44
MERGED from [com.android.support:animated-vector-drawable:25.1.0] AndroidManifest.xml:20:5-44
MERGED from [com.android.support:support-vector-drawable:25.1.0] AndroidManifest.xml:21:5-43
MERGED from [com.android.support:support-vector-drawable:25.1.0] AndroidManifest.xml:21:5-43
MERGED from [com.android.support:support-v4:25.1.0] AndroidManifest.xml:21:5-23:54
MERGED from [com.android.support:support-v4:25.1.0] AndroidManifest.xml:21:5-23:54
MERGED from [com.android.support:support-fragment:25.1.0] AndroidManifest.xml:21:5-23:60
MERGED from [com.android.support:support-fragment:25.1.0] AndroidManifest.xml:21:5-23:60
MERGED from [com.android.support:support-media-compat:25.1.0] AndroidManifest.xml:21:5-23:63
MERGED from [com.android.support:support-media-compat:25.1.0] AndroidManifest.xml:21:5-23:63
MERGED from [com.android.support:support-core-utils:25.1.0] AndroidManifest.xml:21:5-23:61
MERGED from [com.android.support:support-core-utils:25.1.0] AndroidManifest.xml:21:5-23:61
MERGED from [com.android.support:support-core-ui:25.1.0] AndroidManifest.xml:21:5-23:58
MERGED from [com.android.support:support-core-ui:25.1.0] AndroidManifest.xml:21:5-23:58
MERGED from [com.android.support:support-compat:25.1.0] AndroidManifest.xml:21:5-23:58
MERGED from [com.android.support:support-compat:25.1.0] AndroidManifest.xml:21:5-23:58
	tools:overrideLibrary
		ADDED from [com.android.support:appcompat-v7:25.1.0] AndroidManifest.xml:23:9-75
	android:targetSdkVersion
		ADDED from src\main\AndroidManifest.xml:41:42-71
	android:minSdkVersion
		ADDED from src\main\AndroidManifest.xml:41:15-41
uses-permission#android.permission.WRITE_EXTERNAL_STORAGE
ADDED from src\main\AndroidManifest.xml:42:5-81
	android:name
		ADDED from src\main\AndroidManifest.xml:42:22-78
uses-permission#android.permission.RECORD_AUDIO
ADDED from src\main\AndroidManifest.xml:43:5-71
	android:name
		ADDED from src\main\AndroidManifest.xml:43:22-68
uses-permission#android.permission.MODIFY_AUDIO_SETTINGS
ADDED from src\main\AndroidManifest.xml:44:5-80
	android:name
		ADDED from src\main\AndroidManifest.xml:44:22-77
uses-permission#android.permission.READ_PHONE_STATE
ADDED from src\main\AndroidManifest.xml:45:5-75
	android:name
		ADDED from src\main\AndroidManifest.xml:45:22-72
uses-permission#android.permission.RECORD_VIDEO
ADDED from src\main\AndroidManifest.xml:46:5-71
	android:name
		ADDED from src\main\AndroidManifest.xml:46:22-68
uses-permission#android.permission.READ_EXTERNAL_STORAGE
ADDED from src\main\AndroidManifest.xml:47:5-80
	android:name
		ADDED from src\main\AndroidManifest.xml:47:22-77
uses-permission#android.permission.ACCESS_NETWORK_STATE
ADDED from src\main\AndroidManifest.xml:48:5-79
	android:name
		ADDED from src\main\AndroidManifest.xml:48:22-76
uses-permission#android.permission.REQUEST_INSTALL_PACKAGES
ADDED from src\main\AndroidManifest.xml:49:5-82
	android:name
		ADDED from src\main\AndroidManifest.xml:49:22-80
uses-permission#android.permission.REQUEST_INSTALL_LOCATION_PROVIDER
ADDED from src\main\AndroidManifest.xml:50:5-91
	android:name
		ADDED from src\main\AndroidManifest.xml:50:22-89
uses-permission#android.permission.CAMERA
ADDED from src\main\AndroidManifest.xml:51:5-89
	android:required
		ADDED from src\main\AndroidManifest.xml:51:63-86
	android:name
		ADDED from src\main\AndroidManifest.xml:51:22-62
uses-feature#android.hardware.camera
ADDED from src\main\AndroidManifest.xml:52:5-84
	android:required
		ADDED from src\main\AndroidManifest.xml:52:58-81
	android:name
		ADDED from src\main\AndroidManifest.xml:52:19-57
uses-feature#android.hardware.camera.autofocus
ADDED from src\main\AndroidManifest.xml:53:5-70
	android:name
		ADDED from src\main\AndroidManifest.xml:53:19-67
service#org.elastos.carrier.robot.RobotService
ADDED from [carrier.aar] AndroidManifest.xml:17:9-20:47
	android:process
		ADDED from [carrier.aar] AndroidManifest.xml:20:13-44
	android:permission
		ADDED from [carrier.aar] AndroidManifest.xml:19:13-61
	android:name
		ADDED from [carrier.aar] AndroidManifest.xml:18:13-66